<?xml version="1.0" encoding="UTF-8"?>
<!-- Generated by org.testng.reporters.JUnitXMLReporter -->
<testsuite ignored="0" hostname="Ema" failures="0" tests="2" name="LinuxfirefoxTest" time="1847.63" errors="0" timestamp="2026-07-21T11:26:48 IST">
  <testcase classname="testBase.BaseClass" name="@BeforeClass setup" time="301.626">
    <failure type="org.openqa.selenium.remote.NoSuchDriverException" message="Unable to obtain: geckodriver, error Command failed with code: 65, executed &amp;quot;C:\Users\utkal\.cache\selenium\manager\0.4.45\selenium-manager.exe&amp;quot; with arguments [--browser, firefox, --language-binding, java, --output, json]
error decoding response body for url (https://ftp.mozilla.org/pub/firefox/releases/152.0.6/win64/en-US/Firefox%20Setup%20152.0.6.exe)
Build info: version: &amp;apos;4.45.0&amp;apos;, revision: &amp;apos;cd6a3cd cd6a3cdfca6970f62e5bc8344109d0fe0e2af05e&amp;apos;
System info: os.name: &amp;apos;Windows 11&amp;apos;, os.arch: &amp;apos;amd64&amp;apos;, os.version: &amp;apos;10.0&amp;apos;, java.version: &amp;apos;21.0.10&amp;apos;
Driver info: driver.version: FirefoxDriver">
      <![CDATA[org.openqa.selenium.remote.NoSuchDriverException: Unable to obtain: geckodriver, error Command failed with code: 65, executed "C:\Users\utkal\.cache\selenium\manager\0.4.45\selenium-manager.exe" with arguments [--browser, firefox, --language-binding, java, --output, json]
error decoding response body for url (https://ftp.mozilla.org/pub/firefox/releases/152.0.6/win64/en-US/Firefox%20Setup%20152.0.6.exe)
Build info: version: '4.45.0', revision: 'cd6a3cd cd6a3cdfca6970f62e5bc8344109d0fe0e2af05e'
System info: os.name: 'Windows 11', os.arch: 'amd64', os.version: '10.0', java.version: '21.0.10'
Driver info: driver.version: FirefoxDriver
at org.openqa.selenium.remote.service.DriverFinder.getBinaryPaths(DriverFinder.java:124)
at org.openqa.selenium.remote.service.DriverFinder.getDriverPath(DriverFinder.java:55)
at org.openqa.selenium.firefox.FirefoxDriver.generateExecutor(FirefoxDriver.java:127)
at org.openqa.selenium.firefox.FirefoxDriver.<init>(FirefoxDriver.java:118)
at org.openqa.selenium.firefox.FirefoxDriver.<init>(FirefoxDriver.java:98)
at org.openqa.selenium.firefox.FirefoxDriver.<init>(FirefoxDriver.java:94)
at org.openqa.selenium.firefox.FirefoxDriver.<init>(FirefoxDriver.java:84)
at testBase.BaseClass.setup(BaseClass.java:93)
at java.base/java.util.ArrayList.forEach(ArrayList.java:1596)
Caused by: org.openqa.selenium.WebDriverException: Command failed with code: 65, executed "C:\Users\utkal\.cache\selenium\manager\0.4.45\selenium-manager.exe" with arguments [--browser, firefox, --language-binding, java, --output, json]
error decoding response body for url (https://ftp.mozilla.org/pub/firefox/releases/152.0.6/win64/en-US/Firefox%20Setup%20152.0.6.exe)
Build info: version: '4.45.0', revision: 'cd6a3cd cd6a3cdfca6970f62e5bc8344109d0fe0e2af05e'
System info: os.name: 'Windows 11', os.arch: 'amd64', os.version: '10.0', java.version: '21.0.10'
Driver info: driver.version: FirefoxDriver
at org.openqa.selenium.manager.SeleniumManager.runCommand(SeleniumManager.java:183)
at org.openqa.selenium.manager.SeleniumManager.getBinaryPaths(SeleniumManager.java:286)
at org.openqa.selenium.remote.service.DriverFinder.getBinaryPaths(DriverFinder.java:104)
... 31 more
... Removed 23 stack frames]]>
    </failure>
  </testcase> <!-- @BeforeClass setup -->
  <testcase classname="testBase.BaseClass" name="@AfterClass tearDown" time="0.0">
    <skipped/>
  </testcase> <!-- @AfterClass tearDown -->
  <testcase classname="testBase.BaseClass" name="@BeforeClass setup" time="1545.124">
    <failure type="org.openqa.selenium.remote.NoSuchDriverException" message="Unable to obtain: geckodriver, error Command failed with code: 65, executed &amp;quot;C:\Users\utkal\.cache\selenium\manager\0.4.45\selenium-manager.exe&amp;quot; with arguments [--browser, firefox, --language-binding, java, --output, json]
error decoding response body for url (https://ftp.mozilla.org/pub/firefox/releases/152.0.6/win64/en-US/Firefox%20Setup%20152.0.6.exe)
Build info: version: &amp;apos;4.45.0&amp;apos;, revision: &amp;apos;cd6a3cd cd6a3cdfca6970f62e5bc8344109d0fe0e2af05e&amp;apos;
System info: os.name: &amp;apos;Windows 11&amp;apos;, os.arch: &amp;apos;amd64&amp;apos;, os.version: &amp;apos;10.0&amp;apos;, java.version: &amp;apos;21.0.10&amp;apos;
Driver info: driver.version: FirefoxDriver">
      <![CDATA[org.openqa.selenium.remote.NoSuchDriverException: Unable to obtain: geckodriver, error Command failed with code: 65, executed "C:\Users\utkal\.cache\selenium\manager\0.4.45\selenium-manager.exe" with arguments [--browser, firefox, --language-binding, java, --output, json]
error decoding response body for url (https://ftp.mozilla.org/pub/firefox/releases/152.0.6/win64/en-US/Firefox%20Setup%20152.0.6.exe)
Build info: version: '4.45.0', revision: 'cd6a3cd cd6a3cdfca6970f62e5bc8344109d0fe0e2af05e'
System info: os.name: 'Windows 11', os.arch: 'amd64', os.version: '10.0', java.version: '21.0.10'
Driver info: driver.version: FirefoxDriver
at org.openqa.selenium.remote.service.DriverFinder.getBinaryPaths(DriverFinder.java:124)
at org.openqa.selenium.remote.service.DriverFinder.getDriverPath(DriverFinder.java:55)
at org.openqa.selenium.firefox.FirefoxDriver.generateExecutor(FirefoxDriver.java:127)
at org.openqa.selenium.firefox.FirefoxDriver.<init>(FirefoxDriver.java:118)
at org.openqa.selenium.firefox.FirefoxDriver.<init>(FirefoxDriver.java:98)
at org.openqa.selenium.firefox.FirefoxDriver.<init>(FirefoxDriver.java:94)
at org.openqa.selenium.firefox.FirefoxDriver.<init>(FirefoxDriver.java:84)
at testBase.BaseClass.setup(BaseClass.java:93)
at java.base/java.util.ArrayList.forEach(ArrayList.java:1596)
Caused by: org.openqa.selenium.WebDriverException: Command failed with code: 65, executed "C:\Users\utkal\.cache\selenium\manager\0.4.45\selenium-manager.exe" with arguments [--browser, firefox, --language-binding, java, --output, json]
error decoding response body for url (https://ftp.mozilla.org/pub/firefox/releases/152.0.6/win64/en-US/Firefox%20Setup%20152.0.6.exe)
Build info: version: '4.45.0', revision: 'cd6a3cd cd6a3cdfca6970f62e5bc8344109d0fe0e2af05e'
System info: os.name: 'Windows 11', os.arch: 'amd64', os.version: '10.0', java.version: '21.0.10'
Driver info: driver.version: FirefoxDriver
at org.openqa.selenium.manager.SeleniumManager.runCommand(SeleniumManager.java:183)
at org.openqa.selenium.manager.SeleniumManager.getBinaryPaths(SeleniumManager.java:286)
at org.openqa.selenium.remote.service.DriverFinder.getBinaryPaths(DriverFinder.java:104)
... 31 more
... Removed 23 stack frames]]>
    </failure>
  </testcase> <!-- @BeforeClass setup -->
  <testcase classname="testBase.BaseClass" name="@AfterClass tearDown" time="0.0">
    <skipped/>
  </testcase> <!-- @AfterClass tearDown -->
  <testcase classname="testCases.TC001_AccountRegistrationTest" name="verify_account_registration" time="0.001">
    <skipped/>
  </testcase> <!-- verify_account_registration -->
  <testcase classname="testCases.TC002_LoginTest" name="verify_login" time="0.0">
    <skipped/>
  </testcase> <!-- verify_login -->
</testsuite> <!-- LinuxfirefoxTest -->
